\BOOKMARK [1][-]{section.1}{Einf\374hrung}{}% 1
\BOOKMARK [2][-]{subsection.1.1}{Idee}{section.1}% 2
\BOOKMARK [2][-]{subsection.1.2}{\334bersicht}{section.1}% 3
\BOOKMARK [2][-]{subsection.1.3}{Konzepte}{section.1}% 4
\BOOKMARK [1][-]{section.2}{Enginedesign \046 Programmierung}{}% 5
\BOOKMARK [2][-]{subsection.2.1}{Einf\374hrung}{section.2}% 6
\BOOKMARK [2][-]{subsection.2.2}{Techniken \046 Tools}{section.2}% 7
\BOOKMARK [2][-]{subsection.2.3}{Ziele \046 Einsatzm\366glichkeiten}{section.2}% 8
\BOOKMARK [2][-]{subsection.2.4}{Codedesign}{section.2}% 9
\BOOKMARK [2][-]{subsection.2.5}{Probleme im Detail}{section.2}% 10
\BOOKMARK [3][-]{subsubsection.2.5.1}{Kollisionserkennung}{subsection.2.5}% 11
\BOOKMARK [3][-]{subsubsection.2.5.2}{AI}{subsection.2.5}% 12
\BOOKMARK [3][-]{subsubsection.2.5.3}{Events \046 GUI}{subsection.2.5}% 13
\BOOKMARK [1][-]{section.3}{Grafikdesign}{}% 14
\BOOKMARK [2][-]{subsection.3.1}{Einf\374hrung}{section.3}% 15
\BOOKMARK [2][-]{subsection.3.2}{Ideen \046 Konzepte}{section.3}% 16
\BOOKMARK [2][-]{subsection.3.3}{Einschr\344nkungen}{section.3}% 17
\BOOKMARK [1][-]{section.4}{Gamedesign}{}% 18
\BOOKMARK [2][-]{subsection.4.1}{Einf\374hrung}{section.4}% 19
\BOOKMARK [2][-]{subsection.4.2}{Charakterdesign}{section.4}% 20
\BOOKMARK [2][-]{subsection.4.3}{Spielmechaniken}{section.4}% 21
\BOOKMARK [2][-]{subsection.4.4}{Story}{section.4}% 22
\BOOKMARK [2][-]{subsection.4.5}{Leveldesign}{section.4}% 23
\BOOKMARK [1][-]{section.5}{Schlussfolgerung \046 Aussicht}{}% 24
\BOOKMARK [2][-]{subsection.5.1}{Schlussfolgerungen}{section.5}% 25
\BOOKMARK [2][-]{subsection.5.2}{Erweiterungsm\366glichkeiten}{section.5}% 26
\BOOKMARK [1][-]{section.6}{Danksagung, Referenzen \046 Weiteres}{}% 27
\BOOKMARK [2][-]{subsection.6.1}{Pers\366nlicher Dank}{section.6}% 28
\BOOKMARK [2][-]{subsection.6.2}{Tools, Webseiten \046 B\374cher}{section.6}% 29
